<?xml version="1.0" encoding="UTF-8"?>
<!-- Generated by org.testng.reporters.JUnitReportReporter -->
<testsuite hostname="MBP-0196s-MacBook-Pro.local" failures="0" tests="2" name="vn.tinypulse.TC_01_AddPeople" time="30.333" errors="0" timestamp="05 May 2022 11:05:39 GMT" skipped="0">
  <testcase classname="vn.tinypulse.TC_01_AddPeople" name="TC_02_Add_People" time="25.317"/>
  <testcase classname="vn.tinypulse.TC_01_AddPeople" name="TC_01_login" time="5.016"/>
</testsuite> <!-- vn.tinypulse.TC_01_AddPeople -->
