<?xml version="1.0" encoding="UTF-8"?>
<!-- Generated by org.testng.reporters.JUnitReportReporter -->
<testsuite hostname="DiepNguyen" failures="0" tests="1" name="vn.tiki.TC_01_Search" time="82.179" errors="0" timestamp="10 Aug 2021 03:28:48 GMT" skipped="0">
  <testcase classname="vn.tiki.TC_01_Search" name="TC_01_search_tikinow_products_by_name" time="82.179"/>
</testsuite> <!-- vn.tiki.TC_01_Search -->
